[18:20:09] [INFO] ORCHESTRATOR READY [PAPER]
[18:20:09] [INFO] --- TRADING CYCLE START ---
[18:21:09] [INFO] --- TRADING CYCLE START ---
[18:22:22] [INFO] --- TRADING CYCLE START ---
[18:23:36] [INFO] --- TRADING CYCLE START ---
[18:24:49] [INFO] --- TRADING CYCLE START ---
[18:26:02] [INFO] --- TRADING CYCLE START ---
[18:27:14] [INFO] --- TRADING CYCLE START ---
[18:28:26] [INFO] --- TRADING CYCLE START ---
[18:29:39] [INFO] --- TRADING CYCLE START ---
[18:30:51] [INFO] --- TRADING CYCLE START ---
[18:32:04] [INFO] --- TRADING CYCLE START ---
[18:33:17] [INFO] --- TRADING CYCLE START ---
[18:34:29] [INFO] --- TRADING CYCLE START ---
[18:35:43] [INFO] --- TRADING CYCLE START ---
[18:36:55] [INFO] --- TRADING CYCLE START ---
[18:38:07] [INFO] --- TRADING CYCLE START ---
[18:39:19] [INFO] --- TRADING CYCLE START ---
[18:40:31] [INFO] --- TRADING CYCLE START ---
[18:41:45] [INFO] --- TRADING CYCLE START ---
[18:42:57] [INFO] --- TRADING CYCLE START ---
[18:44:10] [INFO] --- TRADING CYCLE START ---
[18:45:22] [INFO] --- TRADING CYCLE START ---
[18:46:36] [INFO] --- TRADING CYCLE START ---
[18:47:48] [INFO] --- TRADING CYCLE START ---
[18:49:01] [INFO] --- TRADING CYCLE START ---
[18:50:13] [INFO] --- TRADING CYCLE START ---
[18:51:26] [INFO] --- TRADING CYCLE START ---
[18:52:40] [INFO] --- TRADING CYCLE START ---
[18:53:52] [INFO] --- TRADING CYCLE START ---
[18:55:05] [INFO] --- TRADING CYCLE START ---
[18:56:17] [INFO] --- TRADING CYCLE START ---
[18:57:30] [INFO] --- TRADING CYCLE START ---
[18:58:44] [INFO] --- TRADING CYCLE START ---
[18:59:56] [INFO] --- TRADING CYCLE START ---
[19:01:09] [INFO] --- TRADING CYCLE START ---
[19:02:22] [INFO] --- TRADING CYCLE START ---
[19:03:35] [INFO] --- TRADING CYCLE START ---
[19:04:47] [INFO] --- TRADING CYCLE START ---
[19:06:00] [INFO] --- TRADING CYCLE START ---
[19:07:14] [INFO] --- TRADING CYCLE START ---
[19:08:26] [INFO] --- TRADING CYCLE START ---
[19:09:39] [INFO] --- TRADING CYCLE START ---
[19:10:52] [INFO] --- TRADING CYCLE START ---
[19:12:05] [INFO] --- TRADING CYCLE START ---
[19:13:17] [INFO] --- TRADING CYCLE START ---
[19:14:31] [INFO] --- TRADING CYCLE START ---
[19:15:43] [INFO] --- TRADING CYCLE START ---
[19:16:56] [INFO] --- TRADING CYCLE START ---
[19:18:08] [INFO] --- TRADING CYCLE START ---
[19:19:22] [INFO] --- TRADING CYCLE START ---
[19:20:35] [INFO] --- TRADING CYCLE START ---
[19:21:47] [INFO] --- TRADING CYCLE START ---
[19:23:00] [INFO] --- TRADING CYCLE START ---
[19:24:13] [INFO] --- TRADING CYCLE START ---
[19:25:26] [INFO] --- TRADING CYCLE START ---
[19:26:38] [INFO] --- TRADING CYCLE START ---
[19:27:51] [INFO] --- TRADING CYCLE START ---
[19:29:04] [INFO] --- TRADING CYCLE START ---
[19:30:17] [INFO] --- TRADING CYCLE START ---
[19:31:29] [INFO] --- TRADING CYCLE START ---
[19:32:43] [INFO] --- TRADING CYCLE START ---
[19:33:57] [INFO] --- TRADING CYCLE START ---
[19:35:10] [INFO] --- TRADING CYCLE START ---
[19:36:22] [INFO] --- TRADING CYCLE START ---
[19:37:36] [INFO] --- TRADING CYCLE START ---
[19:38:45] [INFO] --- TRADING CYCLE START ---
[19:39:51] [INFO] --- TRADING CYCLE START ---
[19:40:57] [INFO] --- TRADING CYCLE START ---
[19:42:02] [INFO] --- TRADING CYCLE START ---
[19:43:08] [INFO] --- TRADING CYCLE START ---
[19:44:13] [INFO] --- TRADING CYCLE START ---
[19:45:19] [INFO] --- TRADING CYCLE START ---
[19:46:24] [INFO] --- TRADING CYCLE START ---
[19:47:30] [INFO] --- TRADING CYCLE START ---
[19:48:36] [INFO] --- TRADING CYCLE START ---
[19:49:41] [INFO] --- TRADING CYCLE START ---
[19:50:47] [INFO] --- TRADING CYCLE START ---
[19:51:52] [INFO] --- TRADING CYCLE START ---
[19:52:58] [INFO] --- TRADING CYCLE START ---
[19:54:03] [INFO] --- TRADING CYCLE START ---
[19:55:09] [INFO] --- TRADING CYCLE START ---
[19:56:21] [INFO] --- TRADING CYCLE START ---
[19:57:34] [INFO] --- TRADING CYCLE START ---
[19:58:39] [INFO] --- TRADING CYCLE START ---
[19:59:45] [INFO] --- TRADING CYCLE START ---
[20:00:51] [INFO] --- TRADING CYCLE START ---
[20:01:56] [INFO] --- TRADING CYCLE START ---
[20:03:02] [INFO] --- TRADING CYCLE START ---
[20:04:07] [INFO] --- TRADING CYCLE START ---
[20:05:13] [INFO] --- TRADING CYCLE START ---
[20:06:19] [INFO] --- TRADING CYCLE START ---
[20:07:24] [INFO] --- TRADING CYCLE START ---
[20:08:30] [INFO] --- TRADING CYCLE START ---
[20:09:35] [INFO] --- TRADING CYCLE START ---
[20:10:41] [INFO] --- TRADING CYCLE START ---
[20:11:52] [INFO] --- TRADING CYCLE START ---
[20:13:05] [INFO] --- TRADING CYCLE START ---
[20:14:17] [INFO] --- TRADING CYCLE START ---
[20:15:29] [INFO] --- TRADING CYCLE START ---
[20:16:41] [INFO] --- TRADING CYCLE START ---
[20:17:53] [INFO] --- TRADING CYCLE START ---
[20:19:06] [INFO] --- TRADING CYCLE START ---
[20:20:18] [INFO] --- TRADING CYCLE START ---
[20:21:30] [INFO] --- TRADING CYCLE START ---
[20:22:33] [INFO] --- TRADING CYCLE START ---
[20:23:46] [INFO] --- TRADING CYCLE START ---
[20:24:59] [INFO] --- TRADING CYCLE START ---
[20:26:10] [INFO] --- TRADING CYCLE START ---
[20:27:22] [INFO] --- TRADING CYCLE START ---
[20:28:32] [INFO] --- TRADING CYCLE START ---
[20:29:36] [INFO] --- TRADING CYCLE START ---
[20:30:49] [INFO] --- TRADING CYCLE START ---
[20:32:03] [INFO] --- TRADING CYCLE START ---
[20:33:16] [INFO] --- TRADING CYCLE START ---
[20:34:29] [INFO] --- TRADING CYCLE START ---
[20:36:04] [INFO] --- TRADING CYCLE START ---
[20:37:10] [INFO] --- TRADING CYCLE START ---
[20:38:16] [INFO] --- TRADING CYCLE START ---
[20:39:21] [INFO] --- TRADING CYCLE START ---
[20:40:27] [INFO] --- TRADING CYCLE START ---
[20:41:37] [INFO] --- TRADING CYCLE START ---
[20:42:49] [INFO] --- TRADING CYCLE START ---
[20:44:03] [INFO] --- TRADING CYCLE START ---
[20:45:16] [INFO] --- TRADING CYCLE START ---
[20:46:28] [INFO] --- TRADING CYCLE START ---
[20:47:42] [INFO] --- TRADING CYCLE START ---
[20:48:55] [INFO] --- TRADING CYCLE START ---
[20:50:09] [INFO] --- TRADING CYCLE START ---
[20:58:02] [INFO] ORCHESTRATOR READY [PAPER]
[20:58:03] [INFO] --- TRADING CYCLE START ---
[20:59:09] [INFO] --- TRADING CYCLE START ---
[21:00:15] [INFO] --- TRADING CYCLE START ---
[21:01:21] [INFO] --- TRADING CYCLE START ---
[21:02:26] [INFO] --- TRADING CYCLE START ---
[21:03:32] [INFO] --- TRADING CYCLE START ---
[21:04:37] [INFO] --- TRADING CYCLE START ---
[21:05:43] [INFO] --- TRADING CYCLE START ---
[21:06:49] [INFO] --- TRADING CYCLE START ---
[21:07:54] [INFO] --- TRADING CYCLE START ---
[21:09:00] [INFO] --- TRADING CYCLE START ---
[21:10:05] [INFO] --- TRADING CYCLE START ---
[21:11:11] [INFO] --- TRADING CYCLE START ---
[21:12:16] [INFO] --- TRADING CYCLE START ---
[21:13:22] [INFO] --- TRADING CYCLE START ---
[21:14:28] [INFO] --- TRADING CYCLE START ---
[21:15:33] [INFO] --- TRADING CYCLE START ---
[21:16:39] [INFO] --- TRADING CYCLE START ---
[21:17:44] [INFO] --- TRADING CYCLE START ---
[21:18:50] [INFO] --- TRADING CYCLE START ---
[21:19:55] [INFO] --- TRADING CYCLE START ---
[21:21:01] [INFO] --- TRADING CYCLE START ---
[21:22:07] [INFO] --- TRADING CYCLE START ---
[21:23:12] [INFO] --- TRADING CYCLE START ---
[21:24:18] [INFO] --- TRADING CYCLE START ---
[21:25:23] [INFO] --- TRADING CYCLE START ---
[21:26:29] [INFO] --- TRADING CYCLE START ---
[21:27:35] [INFO] --- TRADING CYCLE START ---
[21:28:40] [INFO] --- TRADING CYCLE START ---
[21:29:46] [INFO] --- TRADING CYCLE START ---
[21:30:51] [INFO] --- TRADING CYCLE START ---
[21:31:57] [INFO] --- TRADING CYCLE START ---
[21:33:02] [INFO] --- TRADING CYCLE START ---
[21:34:08] [INFO] --- TRADING CYCLE START ---
[21:35:14] [INFO] --- TRADING CYCLE START ---
[21:36:19] [INFO] --- TRADING CYCLE START ---
[21:37:25] [INFO] --- TRADING CYCLE START ---
[21:38:30] [INFO] --- TRADING CYCLE START ---
[21:39:36] [INFO] --- TRADING CYCLE START ---
[21:40:41] [INFO] --- TRADING CYCLE START ---
[21:41:47] [INFO] --- TRADING CYCLE START ---
[21:42:53] [INFO] --- TRADING CYCLE START ---
[21:43:58] [INFO] --- TRADING CYCLE START ---
[21:45:04] [INFO] --- TRADING CYCLE START ---
[21:46:09] [INFO] --- TRADING CYCLE START ---
[21:47:15] [INFO] --- TRADING CYCLE START ---
[21:48:20] [INFO] --- TRADING CYCLE START ---
[21:49:26] [INFO] --- TRADING CYCLE START ---
[21:50:32] [INFO] --- TRADING CYCLE START ---
[21:51:37] [INFO] --- TRADING CYCLE START ---
[21:52:43] [INFO] --- TRADING CYCLE START ---
[21:53:48] [INFO] --- TRADING CYCLE START ---
[22:25:52] [INFO] --- TRADING CYCLE START ---
[22:26:58] [INFO] --- TRADING CYCLE START ---
[22:28:04] [INFO] --- TRADING CYCLE START ---
[22:29:09] [INFO] --- TRADING CYCLE START ---
[22:29:32] [INFO] MISSION START: Initializing Neural Core...
[22:29:33] [INFO] SCANNING GLOBAL LEDGER (Binance/Bybit)...
[22:30:27] [INFO] --- TRADING CYCLE START ---
[22:31:43] [INFO] --- TRADING CYCLE START ---
[22:31:45] [SUCCESS] TARGET ACQUIRED: RENDER/USDT (Score: 32.0)
[22:31:46] [INFO] ANALYSIS: Momentum Bullish. Volatility < 2%.
[22:32:55] [INFO] --- TRADING CYCLE START ---
[22:34:08] [INFO] --- TRADING CYCLE START ---
[22:35:13] [INFO] --- TRADING CYCLE START ---
[22:36:19] [INFO] --- TRADING CYCLE START ---
[22:37:24] [INFO] --- TRADING CYCLE START ---
[22:38:30] [INFO] --- TRADING CYCLE START ---
[22:39:35] [INFO] --- TRADING CYCLE START ---
[22:40:41] [INFO] --- TRADING CYCLE START ---
[22:41:47] [INFO] --- TRADING CYCLE START ---
[22:42:52] [INFO] --- TRADING CYCLE START ---
[22:43:58] [INFO] --- TRADING CYCLE START ---
[22:45:03] [INFO] --- TRADING CYCLE START ---
[22:46:18] [INFO] --- TRADING CYCLE START ---
[22:46:18] [INFO] MISSION START: Initializing Neural Core...
[22:46:19] [INFO] SCANNING GLOBAL LEDGER (Binance/Bybit)...
[22:46:29] [INFO] MISSION START: Initializing Neural Core...
[22:46:30] [INFO] SCANNING GLOBAL LEDGER (Binance/Bybit)...
[22:46:35] [INFO] MISSION START: Initializing Neural Core...
[22:46:38] [INFO] SCANNING GLOBAL LEDGER (Binance/Bybit)...
[22:47:39] [SUCCESS] TARGET ACQUIRED: RENDER/USDT (Score: 32.0)
[22:47:42] [INFO] ANALYSIS: Momentum Bullish. Volatility < 2%.
[22:47:43] [INFO] --- TRADING CYCLE START ---
[22:48:23] [SUCCESS] ORDER FILLED: RENDER/USDT @ 2.58
[22:48:26] [INFO] MONITORING POSITION... Trailing Stop Active
[22:48:28] [INFO] Price Action Positive. Updating Targets.
[22:48:33] [SUCCESS] TARGET ACQUIRED: RENDER/USDT (Score: 32.0)
[22:48:33] [SUCCESS] TARGET ACQUIRED: RENDER/USDT (Score: 32.0)
[22:48:34] [INFO] ANALYSIS: Momentum Bullish. Volatility < 2%.
[22:48:34] [INFO] ANALYSIS: Momentum Bullish. Volatility < 2%.
[22:48:37] [SUCCESS] MISSION COMPLETE. NET PROFIT: +$1.50
[22:48:59] [INFO] --- TRADING CYCLE START ---
[22:50:13] [INFO] --- TRADING CYCLE START ---
[22:51:18] [INFO] --- TRADING CYCLE START ---
[22:52:33] [INFO] --- TRADING CYCLE START ---
[22:52:56] [INFO] MISSION START: Initializing Neural Core...
[22:52:57] [INFO] SCANNING GLOBAL LEDGER (Binance/Bybit)...
[22:53:01] [INFO] MISSION START: Initializing Neural Core...
[22:53:02] [INFO] SCANNING GLOBAL LEDGER (Binance/Bybit)...
[22:53:06] [INFO] MISSION START: Initializing Neural Core...
[22:53:07] [INFO] SCANNING GLOBAL LEDGER (Binance/Bybit)...
[22:53:07] [INFO] MISSION START: Initializing Neural Core...
[22:53:08] [INFO] SCANNING GLOBAL LEDGER (Binance/Bybit)...
[22:53:18] [INFO] MISSION START: Initializing Neural Core...
[22:53:19] [INFO] MISSION START: Initializing Neural Core...
[22:53:19] [INFO] SCANNING GLOBAL LEDGER (Binance/Bybit)...
[22:53:20] [INFO] SCANNING GLOBAL LEDGER (Binance/Bybit)...
[22:53:54] [INFO] --- TRADING CYCLE START ---
[22:55:23] [INFO] --- TRADING CYCLE START ---
[22:55:27] [SUCCESS] TARGET ACQUIRED: RENDER/USDT (Score: 32.0)
[22:55:29] [INFO] ANALYSIS: Momentum Bullish. Volatility < 2%.
[22:57:00] [INFO] --- TRADING CYCLE START ---
[22:57:21] [SUCCESS] TARGET ACQUIRED: RENDER/USDT (Score: 32.0)
[22:57:24] [INFO] ANALYSIS: Momentum Bullish. Volatility < 2%.
[22:57:45] [SUCCESS] ORDER FILLED: RENDER/USDT @ 2.59
[22:57:48] [INFO] MONITORING POSITION... Trailing Stop Active
[22:57:51] [INFO] Price Action Positive. Updating Targets.
[22:58:07] [SUCCESS] TARGET ACQUIRED: RENDER/USDT (Score: 32.0)
[22:58:09] [INFO] ANALYSIS: Momentum Bullish. Volatility < 2%.
[22:58:09] [SUCCESS] TARGET ACQUIRED: RENDER/USDT (Score: 32.0)
[22:58:11] [INFO] ANALYSIS: Momentum Bullish. Volatility < 2%.
[22:58:25] [INFO] --- TRADING CYCLE START ---
[22:58:27] [SUCCESS] TARGET ACQUIRED: RENDER/USDT (Score: 32.0)
[22:58:27] [SUCCESS] ORDER FILLED: RENDER/USDT @ 2.59
[22:58:27] [SUCCESS] TARGET ACQUIRED: RENDER/USDT (Score: 32.0)
[22:58:28] [INFO] ANALYSIS: Momentum Bullish. Volatility < 2%.
[22:58:28] [INFO] ANALYSIS: Momentum Bullish. Volatility < 2%.
[22:58:29] [INFO] MONITORING POSITION... Trailing Stop Active
[22:58:31] [INFO] Price Action Positive. Updating Targets.
[22:58:37] [INFO] MISSION START: Initializing Neural Core...
[22:58:38] [INFO] SCANNING GLOBAL LEDGER (Binance/Bybit)...
[22:59:20] [SUCCESS] TARGET ACQUIRED: RENDER/USDT (Score: 32.0)
[22:59:21] [INFO] ANALYSIS: Momentum Bullish. Volatility < 2%.
[22:59:41] [INFO] --- TRADING CYCLE START ---
[23:00:58] [INFO] --- TRADING CYCLE START ---
[23:01:37] [INFO] MISSION START: Initializing Neural Core...
[23:01:38] [INFO] SCANNING GLOBAL LEDGER (Binance/Bybit)...
[23:01:40] [INFO] MISSION START: Initializing Neural Core...
[23:01:42] [INFO] SCANNING GLOBAL LEDGER (Binance/Bybit)...
[23:01:49] [INFO] MISSION START: Initializing Neural Core...
[23:01:49] [INFO] MISSION START: Initializing Neural Core...
[23:01:50] [INFO] SCANNING GLOBAL LEDGER (Binance/Bybit)...
[23:01:50] [INFO] SCANNING GLOBAL LEDGER (Binance/Bybit)...
[23:03:38] [INFO] --- TRADING CYCLE START ---
[23:04:40] [SUCCESS] TARGET ACQUIRED: ETH/USDT (Score: 40.0)
[23:04:43] [INFO] ANALYSIS: Momentum Bullish. Volatility < 2%.
[23:04:43] [SUCCESS] TARGET ACQUIRED: ETH/USDT (Score: 40.0)
[23:04:45] [INFO] ANALYSIS: Momentum Bullish. Volatility < 2%.
[23:05:13] [INFO] --- TRADING CYCLE START ---
[23:05:14] [SUCCESS] TARGET ACQUIRED: ETH/USDT (Score: 40.0)
[23:05:15] [SUCCESS] TARGET ACQUIRED: ETH/USDT (Score: 40.0)
[23:05:16] [INFO] ANALYSIS: Momentum Bullish. Volatility < 2%.
[23:05:16] [INFO] ANALYSIS: Momentum Bullish. Volatility < 2%.
[23:05:19] [SUCCESS] ORDER FILLED: ETH/USDT @ 3109.84
[23:05:19] [SUCCESS] ORDER FILLED: ETH/USDT @ 3109.84
[23:05:21] [INFO] MONITORING POSITION... Trailing Stop Active
[23:05:21] [INFO] MONITORING POSITION... Trailing Stop Active
[23:05:23] [INFO] Price Action Positive. Updating Targets.
[23:05:23] [INFO] Price Action Positive. Updating Targets.
[23:06:30] [INFO] --- TRADING CYCLE START ---
[23:07:40] [INFO] --- TRADING CYCLE START ---
[23:08:51] [INFO] --- TRADING CYCLE START ---
[23:10:05] [INFO] --- TRADING CYCLE START ---
[23:11:17] [INFO] --- TRADING CYCLE START ---
[23:12:03] [INFO] MISSION START: Initializing Neural Core...
[23:12:04] [INFO] SCANNING GLOBAL LEDGER (Binance/Bybit)...
[23:12:52] [INFO] --- TRADING CYCLE START ---
[23:13:01] [SUCCESS] TARGET ACQUIRED: BIFI/USDT (Score: 32.0)
[23:13:02] [INFO] ANALYSIS: Momentum Bullish. Volatility < 2%.
[23:13:52] [INFO] MISSION START: Initializing Neural Core...
[23:13:53] [INFO] SCANNING GLOBAL LEDGER (Binance/Bybit)...
[23:14:39] [INFO] --- TRADING CYCLE START ---
[23:14:44] [SUCCESS] TARGET ACQUIRED: BIFI/USDT (Score: 32.0)
[23:14:45] [INFO] ANALYSIS: Momentum Bullish. Volatility < 2%.
[23:16:00] [INFO] --- TRADING CYCLE START ---
[23:17:17] [INFO] --- TRADING CYCLE START ---
[23:18:39] [INFO] --- TRADING CYCLE START ---
[23:20:03] [INFO] --- TRADING CYCLE START ---
[23:21:25] [INFO] --- TRADING CYCLE START ---
[23:22:47] [INFO] --- TRADING CYCLE START ---
[23:24:21] [INFO] --- TRADING CYCLE START ---
[23:25:44] [INFO] --- TRADING CYCLE START ---
[23:27:07] [INFO] --- TRADING CYCLE START ---
[23:28:25] [INFO] --- TRADING CYCLE START ---
[23:30:02] [INFO] --- TRADING CYCLE START ---
[23:31:26] [INFO] --- TRADING CYCLE START ---
[23:32:46] [INFO] --- TRADING CYCLE START ---
[23:34:08] [INFO] --- TRADING CYCLE START ---
[23:35:30] [INFO] --- TRADING CYCLE START ---
[23:36:41] [INFO] --- TRADING CYCLE START ---
[23:37:49] [INFO] --- TRADING CYCLE START ---
[23:39:00] [INFO] --- TRADING CYCLE START ---
[23:40:12] [INFO] --- TRADING CYCLE START ---
[23:41:23] [INFO] --- TRADING CYCLE START ---
[23:42:35] [INFO] --- TRADING CYCLE START ---
[23:43:43] [INFO] --- TRADING CYCLE START ---
[23:44:52] [INFO] --- TRADING CYCLE START ---
[23:46:01] [INFO] --- TRADING CYCLE START ---
[23:47:09] [INFO] --- TRADING CYCLE START ---
[23:48:18] [INFO] --- TRADING CYCLE START ---
[23:49:28] [INFO] --- TRADING CYCLE START ---
[23:49:41] [INFO] ORCHESTRATOR READY [PAPER]
[23:49:50] [INFO] --- TRADING CYCLE START ---
[23:50:45] [WARNING] AI CORE: OFFLINE (STANDBY)
[23:50:46] [SUCCESS] AI CORE: ONLINE (AUTOPILOT ENGAGED)
[23:51:01] [INFO] --- TRADING CYCLE START ---
[23:52:14] [INFO] --- TRADING CYCLE START ---
[23:53:26] [INFO] --- TRADING CYCLE START ---
[23:54:36] [INFO] --- TRADING CYCLE START ---
[23:55:47] [INFO] --- TRADING CYCLE START ---
[23:56:58] [INFO] --- TRADING CYCLE START ---
[23:58:08] [INFO] --- TRADING CYCLE START ---
[23:59:18] [INFO] --- TRADING CYCLE START ---
[00:00:30] [INFO] --- TRADING CYCLE START ---
[00:01:41] [INFO] --- TRADING CYCLE START ---
[00:02:52] [INFO] --- TRADING CYCLE START ---
[00:04:04] [INFO] --- TRADING CYCLE START ---
[00:05:15] [INFO] --- TRADING CYCLE START ---
[00:06:26] [INFO] --- TRADING CYCLE START ---
[00:07:34] [INFO] --- TRADING CYCLE START ---
[00:07:58] [INFO] ORCHESTRATOR READY [PAPER]
[00:08:08] [INFO] --- TRADING CYCLE START ---
[00:08:19] [WARNING] AI CORE: OFFLINE (STANDBY)
[00:08:21] [SUCCESS] AI CORE: ONLINE (AUTOPILOT ENGAGED)
[00:08:21] [INFO] MISSION START: Initializing Neural Core...
[00:09:04] [WARNING] AI CORE: OFFLINE (STANDBY)
[00:09:05] [SUCCESS] AI CORE: ONLINE (AUTOPILOT ENGAGED)
[00:09:05] [INFO] MISSION START: Initializing Neural Core...
[00:09:17] [INFO] --- TRADING CYCLE START ---
[00:09:49] [INFO] ORCHESTRATOR READY [PAPER]
[00:10:03] [INFO] --- TRADING CYCLE START ---
[00:10:09] [WARNING] AI CORE: OFFLINE (STANDBY)
[00:10:10] [SUCCESS] AI CORE: ONLINE (AUTOPILOT ENGAGED)
[00:10:10] [INFO] MISSION START: Initializing Neural Core...
[02:42:38] [INFO] ORCHESTRATOR READY [PAPER]
[02:43:13] [INFO] --- TRADING CYCLE START ---
[02:44:55] [INFO] ORCHESTRATOR READY [PAPER]
[02:45:25] [INFO] --- TRADING CYCLE START ---
[02:45:34] [WARNING] AI CORE: OFFLINE (STANDBY)
[02:45:36] [WARNING] AI CORE: OFFLINE (STANDBY)
[02:49:40] [INFO] ORCHESTRATOR READY [PAPER]
[02:49:49] [INFO] --- TRADING CYCLE START ---
[02:49:59] [INFO] ORCHESTRATOR READY [PAPER]
[02:50:11] [INFO] --- TRADING CYCLE START ---
[02:50:11] [WARNING] AI CORE: OFFLINE (STANDBY)
[02:50:11] [SUCCESS] AI CORE: ONLINE (AUTOPILOT ENGAGED)
[02:50:11] [INFO] MISSION START: Initializing Neural Core...
[02:50:11] [WARNING] ORCHESTRATOR LOOP STOPPED
[02:51:20] [INFO] --- TRADING CYCLE START ---
[02:52:30] [INFO] --- TRADING CYCLE START ---
[02:52:47] [INFO] ORCHESTRATOR READY [PAPER]
[02:52:57] [INFO] --- TRADING CYCLE START ---
[02:54:08] [INFO] --- TRADING CYCLE START ---
[02:55:17] [INFO] --- TRADING CYCLE START ---
[02:56:07] [INFO] ORCHESTRATOR READY [PAPER]
[02:56:19] [INFO] --- TRADING CYCLE START ---
[02:57:29] [INFO] --- TRADING CYCLE START ---
[02:59:10] [INFO] --- TRADING CYCLE START ---
[03:00:20] [INFO] --- TRADING CYCLE START ---
[03:01:29] [INFO] --- TRADING CYCLE START ---
[03:03:20] [INFO] --- TRADING CYCLE START ---
[03:04:33] [INFO] --- TRADING CYCLE START ---
[03:05:42] [INFO] --- TRADING CYCLE START ---
[03:06:24] [INFO] ORCHESTRATOR READY [PAPER]
[03:08:18] [WARNING] AI CORE: OFFLINE (STANDBY)
[03:12:00] [WARNING] AI CORE: OFFLINE (STANDBY)
[19:43:54] [INFO] ORCHESTRATOR READY [PAPER]
